{"/Users/bthemogul/Desktop/chessUniverseApp/public/js/botGame.js": {"path":"/Users/bthemogul/Desktop/chessUniverseApp/public/js/botGame.js","statementMap":{"0":{"start":{"line":3,"column":8},"end":{"line":3,"column":26}},"1":{"start":{"line":4,"column":8},"end":{"line":4,"column":32}},"2":{"start":{"line":5,"column":8},"end":{"line":5,"column":30}},"3":{"start":{"line":6,"column":8},"end":{"line":6,"column":31}},"4":{"start":{"line":7,"column":8},"end":{"line":7,"column":33}},"5":{"start":{"line":8,"column":8},"end":{"line":8,"column":35}},"6":{"start":{"line":9,"column":8},"end":{"line":9,"column":32}},"7":{"start":{"line":10,"column":8},"end":{"line":10,"column":35}},"8":{"start":{"line":12,"column":8},"end":{"line":12,"column":31}},"9":{"start":{"line":13,"column":8},"end":{"line":13,"column":35}},"10":{"start":{"line":14,"column":8},"end":{"line":14,"column":35}},"11":{"start":{"line":18,"column":23},"end":{"line":25,"column":9}},"12":{"start":{"line":27,"column":8},"end":{"line":27,"column":49}},"13":{"start":{"line":28,"column":8},"end":{"line":28,"column":52}},"14":{"start":{"line":28,"column":31},"end":{"line":28,"column":50}},"15":{"start":{"line":32,"column":8},"end":{"line":37,"column":9}},"16":{"start":{"line":33,"column":12},"end":{"line":33,"column":72}},"17":{"start":{"line":34,"column":12},"end":{"line":34,"column":78}},"18":{"start":{"line":36,"column":12},"end":{"line":36,"column":68}},"19":{"start":{"line":41,"column":8},"end":{"line":41,"column":66}},"20":{"start":{"line":41,"column":45},"end":{"line":41,"column":64}},"21":{"start":{"line":42,"column":8},"end":{"line":42,"column":61}},"22":{"start":{"line":42,"column":42},"end":{"line":42,"column":59}},"23":{"start":{"line":43,"column":8},"end":{"line":43,"column":58}},"24":{"start":{"line":43,"column":40},"end":{"line":43,"column":56}},"25":{"start":{"line":44,"column":8},"end":{"line":44,"column":73}},"26":{"start":{"line":44,"column":43},"end":{"line":44,"column":71}},"27":{"start":{"line":45,"column":8},"end":{"line":45,"column":75}},"28":{"start":{"line":45,"column":45},"end":{"line":45,"column":73}},"29":{"start":{"line":48,"column":8},"end":{"line":50,"column":11}},"30":{"start":{"line":49,"column":12},"end":{"line":49,"column":43}},"31":{"start":{"line":52,"column":8},"end":{"line":54,"column":11}},"32":{"start":{"line":53,"column":12},"end":{"line":53,"column":46}},"33":{"start":{"line":58,"column":28},"end":{"line":58,"column":71}},"34":{"start":{"line":59,"column":8},"end":{"line":62,"column":9}},"35":{"start":{"line":60,"column":12},"end":{"line":60,"column":50}},"36":{"start":{"line":61,"column":12},"end":{"line":61,"column":19}},"37":{"start":{"line":64,"column":8},"end":{"line":64,"column":38}},"38":{"start":{"line":65,"column":8},"end":{"line":65,"column":32}},"39":{"start":{"line":66,"column":8},"end":{"line":66,"column":26}},"40":{"start":{"line":67,"column":8},"end":{"line":67,"column":37}},"41":{"start":{"line":70,"column":8},"end":{"line":70,"column":68}},"42":{"start":{"line":71,"column":8},"end":{"line":71,"column":82}},"43":{"start":{"line":72,"column":8},"end":{"line":72,"column":72}},"44":{"start":{"line":73,"column":8},"end":{"line":73,"column":60}},"45":{"start":{"line":74,"column":8},"end":{"line":74,"column":81}},"46":{"start":{"line":76,"column":8},"end":{"line":76,"column":46}},"47":{"start":{"line":78,"column":8},"end":{"line":80,"column":9}},"48":{"start":{"line":79,"column":12},"end":{"line":79,"column":31}},"49":{"start":{"line":84,"column":8},"end":{"line":88,"column":9}},"50":{"start":{"line":87,"column":12},"end":{"line":87,"column":25}},"51":{"start":{"line":89,"column":8},"end":{"line":89,"column":20}},"52":{"start":{"line":93,"column":21},"end":{"line":97,"column":9}},"53":{"start":{"line":99,"column":26},"end":{"line":99,"column":46}},"54":{"start":{"line":100,"column":8},"end":{"line":100,"column":50}},"55":{"start":{"line":100,"column":32},"end":{"line":100,"column":50}},"56":{"start":{"line":102,"column":8},"end":{"line":102,"column":31}},"57":{"start":{"line":103,"column":8},"end":{"line":103,"column":27}},"58":{"start":{"line":107,"column":8},"end":{"line":107,"column":45}},"59":{"start":{"line":111,"column":8},"end":{"line":111,"column":42}},"60":{"start":{"line":111,"column":35},"end":{"line":111,"column":42}},"61":{"start":{"line":113,"column":8},"end":{"line":126,"column":9}},"62":{"start":{"line":114,"column":24},"end":{"line":114,"column":39}},"63":{"start":{"line":115,"column":30},"end":{"line":115,"column":65}},"64":{"start":{"line":117,"column":29},"end":{"line":117,"column":89}},"65":{"start":{"line":119,"column":12},"end":{"line":123,"column":13}},"66":{"start":{"line":120,"column":16},"end":{"line":120,"column":41}},"67":{"start":{"line":121,"column":16},"end":{"line":121,"column":53}},"68":{"start":{"line":122,"column":16},"end":{"line":122,"column":39}},"69":{"start":{"line":125,"column":12},"end":{"line":125,"column":59}},"70":{"start":{"line":131,"column":22},"end":{"line":131,"column":58}},"71":{"start":{"line":132,"column":8},"end":{"line":132,"column":35}},"72":{"start":{"line":135,"column":8},"end":{"line":135,"column":31}},"73":{"start":{"line":138,"column":8},"end":{"line":140,"column":9}},"74":{"start":{"line":139,"column":12},"end":{"line":139,"column":34}},"75":{"start":{"line":143,"column":8},"end":{"line":143,"column":33}},"76":{"start":{"line":147,"column":25},"end":{"line":147,"column":40}},"77":{"start":{"line":148,"column":8},"end":{"line":148,"column":25}},"78":{"start":{"line":150,"column":8},"end":{"line":156,"column":11}},"79":{"start":{"line":151,"column":12},"end":{"line":155,"column":13}},"80":{"start":{"line":152,"column":16},"end":{"line":152,"column":98}},"81":{"start":{"line":154,"column":16},"end":{"line":154,"column":78}},"82":{"start":{"line":158,"column":8},"end":{"line":158,"column":53}},"83":{"start":{"line":162,"column":25},"end":{"line":162,"column":56}},"84":{"start":{"line":163,"column":8},"end":{"line":163,"column":78}},"85":{"start":{"line":165,"column":22},"end":{"line":165,"column":48}},"86":{"start":{"line":166,"column":8},"end":{"line":166,"column":37}},"87":{"start":{"line":173,"column":28},"end":{"line":175,"column":9}},"88":{"start":{"line":177,"column":22},"end":{"line":177,"column":23}},"89":{"start":{"line":178,"column":25},"end":{"line":178,"column":42}},"90":{"start":{"line":180,"column":8},"end":{"line":187,"column":11}},"91":{"start":{"line":181,"column":12},"end":{"line":186,"column":15}},"92":{"start":{"line":182,"column":16},"end":{"line":185,"column":17}},"93":{"start":{"line":183,"column":34},"end":{"line":183,"column":71}},"94":{"start":{"line":184,"column":20},"end":{"line":184,"column":68}},"95":{"start":{"line":189,"column":8},"end":{"line":189,"column":23}},"96":{"start":{"line":193,"column":8},"end":{"line":193,"column":36}},"97":{"start":{"line":193,"column":29},"end":{"line":193,"column":36}},"98":{"start":{"line":195,"column":20},"end":{"line":195,"column":35}},"99":{"start":{"line":196,"column":8},"end":{"line":196,"column":58}},"100":{"start":{"line":197,"column":8},"end":{"line":197,"column":50}},"101":{"start":{"line":201,"column":24},"end":{"line":201,"column":34}},"102":{"start":{"line":203,"column":8},"end":{"line":212,"column":9}},"103":{"start":{"line":204,"column":12},"end":{"line":207,"column":13}},"104":{"start":{"line":205,"column":30},"end":{"line":205,"column":75}},"105":{"start":{"line":206,"column":16},"end":{"line":206,"column":45}},"106":{"start":{"line":208,"column":12},"end":{"line":211,"column":13}},"107":{"start":{"line":209,"column":33},"end":{"line":209,"column":70}},"108":{"start":{"line":210,"column":16},"end":{"line":210,"column":53}},"109":{"start":{"line":216,"column":8},"end":{"line":216,"column":48}},"110":{"start":{"line":219,"column":32},"end":{"line":219,"column":64}},"111":{"start":{"line":220,"column":27},"end":{"line":220,"column":61}},"112":{"start":{"line":221,"column":8},"end":{"line":221,"column":56}},"113":{"start":{"line":225,"column":21},"end":{"line":225,"column":23}},"114":{"start":{"line":226,"column":8},"end":{"line":238,"column":9}},"115":{"start":{"line":227,"column":12},"end":{"line":227,"column":102}},"116":{"start":{"line":228,"column":15},"end":{"line":238,"column":9}},"117":{"start":{"line":229,"column":12},"end":{"line":237,"column":13}},"118":{"start":{"line":230,"column":16},"end":{"line":230,"column":45}},"119":{"start":{"line":231,"column":19},"end":{"line":237,"column":13}},"120":{"start":{"line":232,"column":16},"end":{"line":232,"column":46}},"121":{"start":{"line":233,"column":19},"end":{"line":237,"column":13}},"122":{"start":{"line":234,"column":16},"end":{"line":234,"column":57}},"123":{"start":{"line":236,"column":16},"end":{"line":236,"column":32}},"124":{"start":{"line":240,"column":8},"end":{"line":240,"column":42}},"125":{"start":{"line":241,"column":8},"end":{"line":241,"column":42}},"126":{"start":{"line":245,"column":8},"end":{"line":245,"column":38}},"127":{"start":{"line":245,"column":31},"end":{"line":245,"column":38}},"128":{"start":{"line":247,"column":8},"end":{"line":247,"column":33}},"129":{"start":{"line":248,"column":8},"end":{"line":249,"column":74}},"130":{"start":{"line":250,"column":8},"end":{"line":250,"column":42}},"131":{"start":{"line":256,"column":8},"end":{"line":256,"column":64}},"132":{"start":{"line":261,"column":21},"end":{"line":283,"column":9}},"133":{"start":{"line":285,"column":28},"end":{"line":285,"column":46}},"134":{"start":{"line":286,"column":8},"end":{"line":286,"column":28}},"135":{"start":{"line":288,"column":8},"end":{"line":303,"column":11}},"136":{"start":{"line":289,"column":25},"end":{"line":295,"column":14}},"137":{"start":{"line":297,"column":12},"end":{"line":300,"column":15}},"138":{"start":{"line":298,"column":16},"end":{"line":298,"column":63}},"139":{"start":{"line":299,"column":16},"end":{"line":299,"column":45}},"140":{"start":{"line":302,"column":12},"end":{"line":302,"column":37}},"141":{"start":{"line":305,"column":8},"end":{"line":305,"column":46}},"142":{"start":{"line":310,"column":0},"end":{"line":314,"column":1}},"143":{"start":{"line":311,"column":4},"end":{"line":313,"column":7}},"144":{"start":{"line":312,"column":8},"end":{"line":312,"column":39}},"145":{"start":{"line":317,"column":0},"end":{"line":319,"column":1}},"146":{"start":{"line":318,"column":4},"end":{"line":318,"column":29}}},"fnMap":{"0":{"name":"(anonymous_0)","decl":{"start":{"line":2,"column":4},"end":{"line":2,"column":5}},"loc":{"start":{"line":2,"column":18},"end":{"line":15,"column":5}},"line":2},"1":{"name":"(anonymous_1)","decl":{"start":{"line":17,"column":4},"end":{"line":17,"column":5}},"loc":{"start":{"line":17,"column":22},"end":{"line":29,"column":5}},"line":17},"2":{"name":"(anonymous_2)","decl":{"start":{"line":28,"column":25},"end":{"line":28,"column":26}},"loc":{"start":{"line":28,"column":31},"end":{"line":28,"column":50}},"line":28},"3":{"name":"(anonymous_3)","decl":{"start":{"line":31,"column":4},"end":{"line":31,"column":5}},"loc":{"start":{"line":31,"column":32},"end":{"line":38,"column":5}},"line":31},"4":{"name":"(anonymous_4)","decl":{"start":{"line":40,"column":4},"end":{"line":40,"column":5}},"loc":{"start":{"line":40,"column":26},"end":{"line":55,"column":5}},"line":40},"5":{"name":"(anonymous_5)","decl":{"start":{"line":41,"column":39},"end":{"line":41,"column":40}},"loc":{"start":{"line":41,"column":45},"end":{"line":41,"column":64}},"line":41},"6":{"name":"(anonymous_6)","decl":{"start":{"line":42,"column":36},"end":{"line":42,"column":37}},"loc":{"start":{"line":42,"column":42},"end":{"line":42,"column":59}},"line":42},"7":{"name":"(anonymous_7)","decl":{"start":{"line":43,"column":34},"end":{"line":43,"column":35}},"loc":{"start":{"line":43,"column":40},"end":{"line":43,"column":56}},"line":43},"8":{"name":"(anonymous_8)","decl":{"start":{"line":44,"column":37},"end":{"line":44,"column":38}},"loc":{"start":{"line":44,"column":43},"end":{"line":44,"column":71}},"line":44},"9":{"name":"(anonymous_9)","decl":{"start":{"line":45,"column":39},"end":{"line":45,"column":40}},"loc":{"start":{"line":45,"column":45},"end":{"line":45,"column":73}},"line":45},"10":{"name":"(anonymous_10)","decl":{"start":{"line":48,"column":36},"end":{"line":48,"column":37}},"loc":{"start":{"line":48,"column":43},"end":{"line":50,"column":9}},"line":48},"11":{"name":"(anonymous_11)","decl":{"start":{"line":52,"column":39},"end":{"line":52,"column":40}},"loc":{"start":{"line":52,"column":46},"end":{"line":54,"column":9}},"line":52},"12":{"name":"(anonymous_12)","decl":{"start":{"line":57,"column":4},"end":{"line":57,"column":5}},"loc":{"start":{"line":57,"column":19},"end":{"line":81,"column":5}},"line":57},"13":{"name":"(anonymous_13)","decl":{"start":{"line":83,"column":4},"end":{"line":83,"column":5}},"loc":{"start":{"line":83,"column":31},"end":{"line":90,"column":5}},"line":83},"14":{"name":"(anonymous_14)","decl":{"start":{"line":92,"column":4},"end":{"line":92,"column":5}},"loc":{"start":{"line":92,"column":27},"end":{"line":104,"column":5}},"line":92},"15":{"name":"(anonymous_15)","decl":{"start":{"line":106,"column":4},"end":{"line":106,"column":5}},"loc":{"start":{"line":106,"column":16},"end":{"line":108,"column":5}},"line":106},"16":{"name":"(anonymous_16)","decl":{"start":{"line":110,"column":4},"end":{"line":110,"column":5}},"loc":{"start":{"line":110,"column":24},"end":{"line":127,"column":5}},"line":110},"17":{"name":"(anonymous_17)","decl":{"start":{"line":129,"column":4},"end":{"line":129,"column":5}},"loc":{"start":{"line":129,"column":22},"end":{"line":144,"column":5}},"line":129},"18":{"name":"(anonymous_18)","decl":{"start":{"line":146,"column":4},"end":{"line":146,"column":5}},"loc":{"start":{"line":146,"column":26},"end":{"line":159,"column":5}},"line":146},"19":{"name":"(anonymous_19)","decl":{"start":{"line":150,"column":22},"end":{"line":150,"column":23}},"loc":{"start":{"line":150,"column":39},"end":{"line":156,"column":9}},"line":150},"20":{"name":"(anonymous_20)","decl":{"start":{"line":161,"column":4},"end":{"line":161,"column":5}},"loc":{"start":{"line":161,"column":22},"end":{"line":170,"column":5}},"line":161},"21":{"name":"(anonymous_21)","decl":{"start":{"line":172,"column":4},"end":{"line":172,"column":5}},"loc":{"start":{"line":172,"column":31},"end":{"line":190,"column":5}},"line":172},"22":{"name":"(anonymous_22)","decl":{"start":{"line":180,"column":25},"end":{"line":180,"column":26}},"loc":{"start":{"line":180,"column":32},"end":{"line":187,"column":9}},"line":180},"23":{"name":"(anonymous_23)","decl":{"start":{"line":181,"column":24},"end":{"line":181,"column":25}},"loc":{"start":{"line":181,"column":33},"end":{"line":186,"column":13}},"line":181},"24":{"name":"(anonymous_24)","decl":{"start":{"line":192,"column":4},"end":{"line":192,"column":5}},"loc":{"start":{"line":192,"column":24},"end":{"line":198,"column":5}},"line":192},"25":{"name":"(anonymous_25)","decl":{"start":{"line":200,"column":4},"end":{"line":200,"column":5}},"loc":{"start":{"line":200,"column":34},"end":{"line":213,"column":5}},"line":200},"26":{"name":"(anonymous_26)","decl":{"start":{"line":215,"column":4},"end":{"line":215,"column":5}},"loc":{"start":{"line":215,"column":28},"end":{"line":222,"column":5}},"line":215},"27":{"name":"(anonymous_27)","decl":{"start":{"line":224,"column":4},"end":{"line":224,"column":5}},"loc":{"start":{"line":224,"column":21},"end":{"line":242,"column":5}},"line":224},"28":{"name":"(anonymous_28)","decl":{"start":{"line":244,"column":4},"end":{"line":244,"column":5}},"loc":{"start":{"line":244,"column":17},"end":{"line":251,"column":5}},"line":244},"29":{"name":"(anonymous_29)","decl":{"start":{"line":253,"column":4},"end":{"line":253,"column":5}},"loc":{"start":{"line":253,"column":16},"end":{"line":257,"column":5}},"line":253},"30":{"name":"(anonymous_30)","decl":{"start":{"line":259,"column":4},"end":{"line":259,"column":5}},"loc":{"start":{"line":259,"column":28},"end":{"line":306,"column":5}},"line":259},"31":{"name":"(anonymous_31)","decl":{"start":{"line":288,"column":21},"end":{"line":288,"column":22}},"loc":{"start":{"line":288,"column":28},"end":{"line":303,"column":9}},"line":288},"32":{"name":"(anonymous_32)","decl":{"start":{"line":297,"column":29},"end":{"line":297,"column":30}},"loc":{"start":{"line":297,"column":40},"end":{"line":300,"column":13}},"line":297},"33":{"name":"(anonymous_33)","decl":{"start":{"line":311,"column":22},"end":{"line":311,"column":23}},"loc":{"start":{"line":311,"column":28},"end":{"line":313,"column":5}},"line":311}},"branchMap":{"0":{"loc":{"start":{"line":59,"column":8},"end":{"line":62,"column":9}},"type":"if","locations":[{"start":{"line":59,"column":8},"end":{"line":62,"column":9}},{"start":{},"end":{}}],"line":59},"1":{"loc":{"start":{"line":78,"column":8},"end":{"line":80,"column":9}},"type":"if","locations":[{"start":{"line":78,"column":8},"end":{"line":80,"column":9}},{"start":{},"end":{}}],"line":78},"2":{"loc":{"start":{"line":84,"column":8},"end":{"line":88,"column":9}},"type":"if","locations":[{"start":{"line":84,"column":8},"end":{"line":88,"column":9}},{"start":{},"end":{}}],"line":84},"3":{"loc":{"start":{"line":84,"column":12},"end":{"line":86,"column":52}},"type":"binary-expr","locations":[{"start":{"line":84,"column":12},"end":{"line":84,"column":29}},{"start":{"line":84,"column":33},"end":{"line":84,"column":54}},{"start":{"line":85,"column":12},"end":{"line":85,"column":37}},{"start":{"line":86,"column":12},"end":{"line":86,"column":52}}],"line":84},"4":{"loc":{"start":{"line":100,"column":8},"end":{"line":100,"column":50}},"type":"if","locations":[{"start":{"line":100,"column":8},"end":{"line":100,"column":50}},{"start":{},"end":{}}],"line":100},"5":{"loc":{"start":{"line":111,"column":8},"end":{"line":111,"column":42}},"type":"if","locations":[{"start":{"line":111,"column":8},"end":{"line":111,"column":42}},{"start":{},"end":{}}],"line":111},"6":{"loc":{"start":{"line":119,"column":12},"end":{"line":123,"column":13}},"type":"if","locations":[{"start":{"line":119,"column":12},"end":{"line":123,"column":13}},{"start":{},"end":{}}],"line":119},"7":{"loc":{"start":{"line":138,"column":8},"end":{"line":140,"column":9}},"type":"if","locations":[{"start":{"line":138,"column":8},"end":{"line":140,"column":9}},{"start":{},"end":{}}],"line":138},"8":{"loc":{"start":{"line":151,"column":12},"end":{"line":155,"column":13}},"type":"if","locations":[{"start":{"line":151,"column":12},"end":{"line":155,"column":13}},{"start":{"line":153,"column":19},"end":{"line":155,"column":13}}],"line":151},"9":{"loc":{"start":{"line":163,"column":36},"end":{"line":163,"column":76}},"type":"cond-expr","locations":[{"start":{"line":163,"column":51},"end":{"line":163,"column":65}},{"start":{"line":163,"column":68},"end":{"line":163,"column":76}}],"line":163},"10":{"loc":{"start":{"line":182,"column":16},"end":{"line":185,"column":17}},"type":"if","locations":[{"start":{"line":182,"column":16},"end":{"line":185,"column":17}},{"start":{},"end":{}}],"line":182},"11":{"loc":{"start":{"line":184,"column":31},"end":{"line":184,"column":67}},"type":"cond-expr","locations":[{"start":{"line":184,"column":53},"end":{"line":184,"column":58}},{"start":{"line":184,"column":61},"end":{"line":184,"column":67}}],"line":184},"12":{"loc":{"start":{"line":193,"column":8},"end":{"line":193,"column":36}},"type":"if","locations":[{"start":{"line":193,"column":8},"end":{"line":193,"column":36}},{"start":{},"end":{}}],"line":193},"13":{"loc":{"start":{"line":203,"column":8},"end":{"line":212,"column":9}},"type":"if","locations":[{"start":{"line":203,"column":8},"end":{"line":212,"column":9}},{"start":{},"end":{}}],"line":203},"14":{"loc":{"start":{"line":204,"column":12},"end":{"line":207,"column":13}},"type":"if","locations":[{"start":{"line":204,"column":12},"end":{"line":207,"column":13}},{"start":{},"end":{}}],"line":204},"15":{"loc":{"start":{"line":208,"column":12},"end":{"line":211,"column":13}},"type":"if","locations":[{"start":{"line":208,"column":12},"end":{"line":211,"column":13}},{"start":{},"end":{}}],"line":208},"16":{"loc":{"start":{"line":226,"column":8},"end":{"line":238,"column":9}},"type":"if","locations":[{"start":{"line":226,"column":8},"end":{"line":238,"column":9}},{"start":{"line":228,"column":15},"end":{"line":238,"column":9}}],"line":226},"17":{"loc":{"start":{"line":227,"column":21},"end":{"line":227,"column":101}},"type":"cond-expr","locations":[{"start":{"line":227,"column":48},"end":{"line":227,"column":73}},{"start":{"line":227,"column":76},"end":{"line":227,"column":101}}],"line":227},"18":{"loc":{"start":{"line":228,"column":15},"end":{"line":238,"column":9}},"type":"if","locations":[{"start":{"line":228,"column":15},"end":{"line":238,"column":9}},{"start":{},"end":{}}],"line":228},"19":{"loc":{"start":{"line":229,"column":12},"end":{"line":237,"column":13}},"type":"if","locations":[{"start":{"line":229,"column":12},"end":{"line":237,"column":13}},{"start":{"line":231,"column":19},"end":{"line":237,"column":13}}],"line":229},"20":{"loc":{"start":{"line":231,"column":19},"end":{"line":237,"column":13}},"type":"if","locations":[{"start":{"line":231,"column":19},"end":{"line":237,"column":13}},{"start":{"line":233,"column":19},"end":{"line":237,"column":13}}],"line":231},"21":{"loc":{"start":{"line":233,"column":19},"end":{"line":237,"column":13}},"type":"if","locations":[{"start":{"line":233,"column":19},"end":{"line":237,"column":13}},{"start":{"line":235,"column":19},"end":{"line":237,"column":13}}],"line":233},"22":{"loc":{"start":{"line":245,"column":8},"end":{"line":245,"column":38}},"type":"if","locations":[{"start":{"line":245,"column":8},"end":{"line":245,"column":38}},{"start":{},"end":{}}],"line":245},"23":{"loc":{"start":{"line":249,"column":13},"end":{"line":249,"column":61}},"type":"cond-expr","locations":[{"start":{"line":249,"column":44},"end":{"line":249,"column":51}},{"start":{"line":249,"column":54},"end":{"line":249,"column":61}}],"line":249},"24":{"loc":{"start":{"line":310,"column":0},"end":{"line":314,"column":1}},"type":"if","locations":[{"start":{"line":310,"column":0},"end":{"line":314,"column":1}},{"start":{},"end":{}}],"line":310},"25":{"loc":{"start":{"line":317,"column":0},"end":{"line":319,"column":1}},"type":"if","locations":[{"start":{"line":317,"column":0},"end":{"line":319,"column":1}},{"start":{},"end":{}}],"line":317},"26":{"loc":{"start":{"line":317,"column":4},"end":{"line":317,"column":51}},"type":"binary-expr","locations":[{"start":{"line":317,"column":4},"end":{"line":317,"column":33}},{"start":{"line":317,"column":37},"end":{"line":317,"column":51}}],"line":317}},"s":{"0":4,"1":4,"2":4,"3":4,"4":4,"5":4,"6":4,"7":4,"8":4,"9":4,"10":4,"11":4,"12":4,"13":4,"14":0,"15":4,"16":4,"17":4,"18":0,"19":4,"20":0,"21":4,"22":0,"23":4,"24":0,"25":4,"26":0,"27":4,"28":0,"29":4,"30":0,"31":4,"32":0,"33":1,"34":1,"35":0,"36":0,"37":1,"38":1,"39":1,"40":1,"41":1,"42":1,"43":1,"44":1,"45":1,"46":1,"47":1,"48":0,"49":0,"50":0,"51":0,"52":1,"53":1,"54":1,"55":0,"56":1,"57":1,"58":0,"59":1,"60":0,"61":1,"62":1,"63":1,"64":1,"65":1,"66":1,"67":1,"68":1,"69":0,"70":2,"71":2,"72":2,"73":2,"74":0,"75":2,"76":2,"77":2,"78":2,"79":0,"80":0,"81":0,"82":2,"83":2,"84":2,"85":2,"86":2,"87":3,"88":3,"89":3,"90":3,"91":0,"92":0,"93":0,"94":0,"95":3,"96":2,"97":0,"98":2,"99":2,"100":2,"101":0,"102":0,"103":0,"104":0,"105":0,"106":0,"107":0,"108":0,"109":0,"110":0,"111":0,"112":0,"113":0,"114":0,"115":0,"116":0,"117":0,"118":0,"119":0,"120":0,"121":0,"122":0,"123":0,"124":0,"125":0,"126":0,"127":0,"128":0,"129":0,"130":0,"131":0,"132":0,"133":0,"134":0,"135":0,"136":0,"137":0,"138":0,"139":0,"140":0,"141":0,"142":1,"143":1,"144":0,"145":1,"146":1},"f":{"0":4,"1":4,"2":0,"3":4,"4":4,"5":0,"6":0,"7":0,"8":0,"9":0,"10":0,"11":0,"12":1,"13":0,"14":1,"15":0,"16":1,"17":2,"18":2,"19":0,"20":2,"21":3,"22":0,"23":0,"24":2,"25":0,"26":0,"27":0,"28":0,"29":0,"30":0,"31":0,"32":0,"33":0},"b":{"0":[0,1],"1":[0,1],"2":[0,0],"3":[0,0,0,0],"4":[0,1],"5":[0,1],"6":[1,0],"7":[0,2],"8":[0,0],"9":[0,2],"10":[0,0],"11":[0,0],"12":[0,2],"13":[0,0],"14":[0,0],"15":[0,0],"16":[0,0],"17":[0,0],"18":[0,0],"19":[0,0],"20":[0,0],"21":[0,0],"22":[0,0],"23":[0,0],"24":[1,0],"25":[1,0],"26":[1,1]},"_coverageSchema":"1a1c01bbd47fc00a2c39e90264f33305004495a9","hash":"aea37f006c9385f0110c16d136242166dbba765a"}
}
