TN:
SF:public/js/botGame.js
FN:2,(anonymous_0)
FN:17,(anonymous_1)
FN:28,(anonymous_2)
FN:31,(anonymous_3)
FN:40,(anonymous_4)
FN:41,(anonymous_5)
FN:42,(anonymous_6)
FN:43,(anonymous_7)
FN:44,(anonymous_8)
FN:45,(anonymous_9)
FN:48,(anonymous_10)
FN:52,(anonymous_11)
FN:57,(anonymous_12)
FN:83,(anonymous_13)
FN:92,(anonymous_14)
FN:106,(anonymous_15)
FN:110,(anonymous_16)
FN:129,(anonymous_17)
FN:146,(anonymous_18)
FN:150,(anonymous_19)
FN:161,(anonymous_20)
FN:172,(anonymous_21)
FN:180,(anonymous_22)
FN:181,(anonymous_23)
FN:192,(anonymous_24)
FN:200,(anonymous_25)
FN:215,(anonymous_26)
FN:224,(anonymous_27)
FN:244,(anonymous_28)
FN:253,(anonymous_29)
FN:259,(anonymous_30)
FN:288,(anonymous_31)
FN:297,(anonymous_32)
FN:311,(anonymous_33)
FNF:34
FNH:12
FNDA:4,(anonymous_0)
FNDA:4,(anonymous_1)
FNDA:0,(anonymous_2)
FNDA:4,(anonymous_3)
FNDA:4,(anonymous_4)
FNDA:0,(anonymous_5)
FNDA:0,(anonymous_6)
FNDA:0,(anonymous_7)
FNDA:0,(anonymous_8)
FNDA:0,(anonymous_9)
FNDA:0,(anonymous_10)
FNDA:0,(anonymous_11)
FNDA:1,(anonymous_12)
FNDA:0,(anonymous_13)
FNDA:1,(anonymous_14)
FNDA:0,(anonymous_15)
FNDA:1,(anonymous_16)
FNDA:2,(anonymous_17)
FNDA:2,(anonymous_18)
FNDA:0,(anonymous_19)
FNDA:2,(anonymous_20)
FNDA:3,(anonymous_21)
FNDA:0,(anonymous_22)
FNDA:0,(anonymous_23)
FNDA:2,(anonymous_24)
FNDA:0,(anonymous_25)
FNDA:0,(anonymous_26)
FNDA:0,(anonymous_27)
FNDA:0,(anonymous_28)
FNDA:0,(anonymous_29)
FNDA:0,(anonymous_30)
FNDA:0,(anonymous_31)
FNDA:0,(anonymous_32)
FNDA:0,(anonymous_33)
DA:3,4
DA:4,4
DA:5,4
DA:6,4
DA:7,4
DA:8,4
DA:9,4
DA:10,4
DA:12,4
DA:13,4
DA:14,4
DA:18,4
DA:27,4
DA:28,4
DA:32,4
DA:33,4
DA:34,4
DA:36,0
DA:41,4
DA:42,4
DA:43,4
DA:44,4
DA:45,4
DA:48,4
DA:49,0
DA:52,4
DA:53,0
DA:58,1
DA:59,1
DA:60,0
DA:61,0
DA:64,1
DA:65,1
DA:66,1
DA:67,1
DA:70,1
DA:71,1
DA:72,1
DA:73,1
DA:74,1
DA:76,1
DA:78,1
DA:79,0
DA:84,0
DA:87,0
DA:89,0
DA:93,1
DA:99,1
DA:100,1
DA:102,1
DA:103,1
DA:107,0
DA:111,1
DA:113,1
DA:114,1
DA:115,1
DA:117,1
DA:119,1
DA:120,1
DA:121,1
DA:122,1
DA:125,0
DA:131,2
DA:132,2
DA:135,2
DA:138,2
DA:139,0
DA:143,2
DA:147,2
DA:148,2
DA:150,2
DA:151,0
DA:152,0
DA:154,0
DA:158,2
DA:162,2
DA:163,2
DA:165,2
DA:166,2
DA:173,3
DA:177,3
DA:178,3
DA:180,3
DA:181,0
DA:182,0
DA:183,0
DA:184,0
DA:189,3
DA:193,2
DA:195,2
DA:196,2
DA:197,2
DA:201,0
DA:203,0
DA:204,0
DA:205,0
DA:206,0
DA:208,0
DA:209,0
DA:210,0
DA:216,0
DA:219,0
DA:220,0
DA:221,0
DA:225,0
DA:226,0
DA:227,0
DA:228,0
DA:229,0
DA:230,0
DA:231,0
DA:232,0
DA:233,0
DA:234,0
DA:236,0
DA:240,0
DA:241,0
DA:245,0
DA:247,0
DA:248,0
DA:250,0
DA:256,0
DA:261,0
DA:285,0
DA:286,0
DA:288,0
DA:289,0
DA:297,0
DA:298,0
DA:299,0
DA:302,0
DA:305,0
DA:310,1
DA:311,1
DA:312,0
DA:317,1
DA:318,1
LF:137
LH:77
BRDA:59,0,0,0
BRDA:59,0,1,1
BRDA:78,1,0,0
BRDA:78,1,1,1
BRDA:84,2,0,0
BRDA:84,2,1,0
BRDA:84,3,0,0
BRDA:84,3,1,0
BRDA:84,3,2,0
BRDA:84,3,3,0
BRDA:100,4,0,0
BRDA:100,4,1,1
BRDA:111,5,0,0
BRDA:111,5,1,1
BRDA:119,6,0,1
BRDA:119,6,1,0
BRDA:138,7,0,0
BRDA:138,7,1,2
BRDA:151,8,0,0
BRDA:151,8,1,0
BRDA:163,9,0,0
BRDA:163,9,1,2
BRDA:182,10,0,0
BRDA:182,10,1,0
BRDA:184,11,0,0
BRDA:184,11,1,0
BRDA:193,12,0,0
BRDA:193,12,1,2
BRDA:203,13,0,0
BRDA:203,13,1,0
BRDA:204,14,0,0
BRDA:204,14,1,0
BRDA:208,15,0,0
BRDA:208,15,1,0
BRDA:226,16,0,0
BRDA:226,16,1,0
BRDA:227,17,0,0
BRDA:227,17,1,0
BRDA:228,18,0,0
BRDA:228,18,1,0
BRDA:229,19,0,0
BRDA:229,19,1,0
BRDA:231,20,0,0
BRDA:231,20,1,0
BRDA:233,21,0,0
BRDA:233,21,1,0
BRDA:245,22,0,0
BRDA:245,22,1,0
BRDA:249,23,0,0
BRDA:249,23,1,0
BRDA:310,24,0,1
BRDA:310,24,1,0
BRDA:317,25,0,1
BRDA:317,25,1,0
BRDA:317,26,0,1
BRDA:317,26,1,1
BRF:56
BRH:12
end_of_record
